<?xml version="1.0" encoding="UTF-8"?>
<robot generator="Robot 4.1.2 (Python 3.10.0 on win32)" generated="20211023 16:14:11.887" rpa="false" schemaversion="2">
<suite id="s1" name="MOBILE" source="C:\Users\xcorv\OneDrive\Área de Trabalho\primeAnderson\MOBILE">
<suite id="s1-s1" name="Mobileautomation" source="C:\Users\xcorv\OneDrive\Área de Trabalho\primeAnderson\MOBILE\mobileautomation.robot">
<test id="s1-s1-t1" name="Caso de Teste 01: Pesquisar canal “Prime Experts”​">
<kw name="Abrir aplicativo" library="hooks_mobile" type="SETUP">
<kw name="Set Appium Timeout" library="AppiumLibrary">
<arg>20</arg>
<doc>Sets the timeout in seconds used by various keywords.</doc>
<status status="PASS" starttime="20211023 16:14:12.149" endtime="20211023 16:14:12.149"/>
</kw>
<kw name="Open Application" library="AppiumLibrary">
<arg>http://localhost:4723/wd/hub</arg>
<arg>platformName=Android</arg>
<arg>deviceName=emulator-5554</arg>
<arg>automationName=uiautomator2</arg>
<arg>appPackage=com.google.android.youtube</arg>
<arg>appActivity=com.google.android.youtube.HomeActivity</arg>
<arg>autoGrantPermissions=true</arg>
<doc>Opens a new application to given Appium server.
Capabilities of appium server, Android and iOS,
Please check https://github.com/appium/appium/blob/master/docs/en/writing-running-appium/server-args.md
| *Option*            | *Man.* | *Description*     |
| remote_url          | Yes    | Appium server url |
| alias               | no     | alias             |</doc>
<status status="PASS" starttime="20211023 16:14:12.149" endtime="20211023 16:14:22.396"/>
</kw>
<status status="PASS" starttime="20211023 16:14:12.148" endtime="20211023 16:14:22.396"/>
</kw>
<kw name="Dado que o cliente esteja na tela de Home​" library="kws_mobileautomation">
<kw name="Wait Until Element Is Visible" library="AppiumLibrary">
<arg>xpath=//*[contains(@text, 'Início')]</arg>
<doc>Waits until element specified with `locator` is visible.</doc>
<status status="PASS" starttime="20211023 16:14:22.398" endtime="20211023 16:14:27.162"/>
</kw>
<kw name="Wait Until Element Is Visible" library="AppiumLibrary">
<arg>accessibility_id=YouTube</arg>
<doc>Waits until element specified with `locator` is visible.</doc>
<status status="PASS" starttime="20211023 16:14:27.162" endtime="20211023 16:14:27.238"/>
</kw>
<status status="PASS" starttime="20211023 16:14:22.397" endtime="20211023 16:14:27.238"/>
</kw>
<kw name="E pesquise um vídeo sobre &quot;Prime Experts&quot;​" library="kws_mobileautomation" sourcename="E pesquise um vídeo sobre &quot;${PESQUISA}&quot;​">
<kw name="Click Element" library="AppiumLibrary">
<arg>accessibility_id=Pesquisar</arg>
<doc>Click element identified by `locator`.</doc>
<msg timestamp="20211023 16:14:27.241" level="INFO">Clicking element 'accessibility_id=Pesquisar'.</msg>
<status status="PASS" starttime="20211023 16:14:27.239" endtime="20211023 16:14:27.330"/>
</kw>
<kw name="Input Text" library="AppiumLibrary">
<arg>id=search_edit_text</arg>
<arg>${PESQUISA}</arg>
<doc>Types the given `text` into text field identified by `locator`.</doc>
<msg timestamp="20211023 16:14:27.332" level="INFO">Typing text 'Prime Experts' into text field 'id=search_edit_text'</msg>
<status status="PASS" starttime="20211023 16:14:27.330" endtime="20211023 16:14:29.430"/>
</kw>
<kw name="Press Keycode" library="AppiumLibrary">
<arg>66</arg>
<doc>Sends a press of keycode to the device.</doc>
<status status="PASS" starttime="20211023 16:14:29.430" endtime="20211023 16:14:30.470"/>
</kw>
<status status="PASS" starttime="20211023 16:14:27.239" endtime="20211023 16:14:30.470"/>
</kw>
<kw name="E acessar o canal da Prime​" library="kws_mobileautomation">
<kw name="Wait Until Element Is Visible" library="AppiumLibrary">
<arg>accessibility_id=Prime Experts - Parceria entre Prime Control e UniBrasil - 3 minutos e 38 segundos - Ir ao canal - Prime Control - 58 visualizações - há 1 ano - assistir o vídeo</arg>
<doc>Waits until element specified with `locator` is visible.</doc>
<msg timestamp="20211023 16:14:50.901" level="INFO">&lt;?xml version='1.0' encoding='UTF-8' standalone='yes' ?&gt;
&lt;hierarchy index="0" class="hierarchy" rotation="0" width="1080" height="1794"&gt;
  &lt;android.widget.FrameLayout index="0" package="com.google.android.youtube" class="android.widget.FrameLayout" text="" checkable="false" checked="false" clickable="false" enabled="true" focusable="false" focused="false" long-clickable="false" password="false" scrollable="false" selected="false" bounds="[0,0][1080,1794]" displayed="true"&gt;
    &lt;android.widget.LinearLayout index="0" package="com.google.android.youtube" class="android.widget.LinearLayout" text="" checkable="false" checked="false" clickable="false" enabled="true" focusable="false" focused="false" long-clickable="false" password="false" scrollable="false" selected="false" bounds="[0,0][1080,1794]" displayed="true"&gt;
      &lt;android.widget.FrameLayout index="0" package="com.google.android.youtube" class="android.widget.FrameLayout" text="" checkable="false" checked="false" clickable="false" enabled="true" focusable="false" focused="false" long-clickable="false" password="false" scrollable="false" selected="false" bounds="[0,0][1080,1794]" displayed="true"&gt;
        &lt;android.widget.LinearLayout index="0" package="com.google.android.youtube" class="android.widget.LinearLayout" text="" resource-id="com.google.android.youtube:id/action_bar_root" checkable="false" checked="false" clickable="false" enabled="true" focusable="false" focused="false" long-clickable="false" password="false" scrollable="false" selected="false" bounds="[0,0][1080,1794]" displayed="true"&gt;
          &lt;android.widget.FrameLayout index="0" package="com.google.android.youtube" class="android.widget.FrameLayout" text="" resource-id="android:id/content" checkable="false" checked="false" clickable="false" enabled="true" focusable="false" focused="false" long-clickable="false" password="false" scrollable="false" selected="false" bounds="[0,0][1080,1794]" displayed="true"&gt;
            &lt;android.widget.FrameLayout index="0" package="com.google.android.youtube" class="android.widget.FrameLayout" text="" resource-id="com.google.android.youtube:id/slim_status_bar_player_container" checkable="false" checked="false" clickable="false" enabled="true" focusable="false" focused="false" long-clickable="false" password="false" scrollable="false" selected="false" bounds="[0,0][1080,1794]" displayed="true"&gt;
              &lt;android.view.ViewGroup index="1" package="com.google.android.youtube" class="android.view.ViewGroup" text="" resource-id="com.google.android.youtube:id/navigation_bar_divider_frame" checkable="false" checked="false" clickable="false" enabled="true" focusable="false" focused="false" long-clickable="false" password="false" scrollable="false" selected="false" bounds="[0,63][1080,1794]" displayed="true"&gt;
                &lt;android.widget.FrameLayout index="0" package="com.google.android.youtube" class="android.widget.FrameLayout" text="" resource-id="com.google.android.youtube:id/global_slim_status_bar_container" checkable="false" checked="false" clickable="false" enabled="true" focusable="false" focused="false" long-clickable="false" password="false" scrollable="false" selected="false" bounds="[0,63][1080,1791]" displayed="true" /&gt;
                &lt;android.widget.FrameLayout index="1" package="com.google.android.youtube" class="android.widget.FrameLayout" text="" resource-id="com.google.android.youtube:id/accessibility_layer_container" checkable="false" checked="false" clickable="false" enabled="true" focusable="false" focused="false" long-clickable="false" password="false" scrollable="false" selected="false" bounds="[0,63][1080,1791]" displayed="true"&gt;
                  &lt;android.view.ViewGroup index="0" package="com.google.android.youtube" class="android.view.ViewGroup" text="" resource-id="com.google.android.youtube:id/next_gen_watch_container_layout" checkable="false" checked="false" clickable="false" enabled="true" focusable="false" focused="false" long-clickable="false" password="false" scrollable="false" selected="false" bounds="[0,63][1080,1791]" displayed="true"&gt;
                    &lt;android.view.ViewGroup index="0" package="com.google.android.youtube" class="android.view.ViewGroup" text="" resource-id="com.google.android.youtube:id/watch_while_layout_coordinator_layout" checkable="false" checked="false" clickable="false" enabled="true" focusable="false" focused="false" long-clickable="false" password="false" scrollable="false" selected="false" bounds="[0,63][1080,1791]" displayed="true"&gt;
                      &lt;android.widget.FrameLayout index="0" package="com.google.android.youtube" class="android.widget.FrameLayout" text="" resource-id="com.google.android.youtube:id/fab_container" checkable="false" checked="false" clickable="false" enabled="true" focusable="false" focused="false" long-clickable="false" password="false" scrollable="false" selected="false" bounds="[0,63][1080,1791]" displayed="true" /&gt;
                      &lt;android.widget.LinearLayout index="1" package="com.google.android.youtube" class="android.widget.LinearLayout" text="" resource-id="com.google.android.youtube:id/appbar_layout" checkable="false" checked="false" clickable="false" enabled="true" focusable="false" focused="false" long-clickable="false" password="false" scrollable="false" selected="false" bounds="[0,63][1080,189]" displayed="true"&gt;
                        &lt;android.widget.FrameLayout index="0" package="com.google.android.youtube" class="android.widget.FrameLayout" text="" resource-id="com.google.android.youtube:id/toolbar_container" checkable="false" checked="false" clickable="false" enabled="true" focusable="false" focused="false" long-clickable="false" password="false" scrollable="false" selected="false" bounds="[0,63][1080,189]" displayed="true"&gt;
                          &lt;android.view.ViewGroup index="0" package="com.google.android.youtube" class="android.view.ViewGroup" text="" resource-id="com.google.android.youtube:id/toolbar" checkable="false" checked="false" clickable="false" enabled="true" focusable="false" focused="false" long-clickable="false" password="false" scrollable="false" selected="false" bounds="[0,63][1080,189]" displayed="true"&gt;
                            &lt;android.widget.ImageButton index="0" package="com.google.android.youtube" class="android.widget.ImageButton" text="" content-desc="Navegar para cima" checkable="false" checked="false" clickable="true" enabled="true" focusable="true" focused="false" long-clickable="false" password="false" scrollable="false" selected="false" bounds="[0,63][147,189]" displayed="true" /&gt;
                            &lt;android.widget.LinearLayout index="1" package="com.google.android.youtube" class="android.widget.LinearLayout" text="" checkable="false" checked="false" clickable="false" enabled="true" focusable="false" focused="false" long-clickable="false" password="false" scrollable="false" selected="false" bounds="[189,63][953,189]" displayed="true"&gt;
                              &lt;android.widget.TextView index="0" package="com.google.android.youtube" class="android.widget.TextView" text="Prime Experts" resource-id="com.google.android.youtube:id/search_query" checkable="false" checked="false" clickable="true" enabled="true" focusable="true" focused="false" long-clickable="false" password="false" scrollable="false" selected="false" bounds="[189,63][827,189]" displayed="true" /&gt;
                              &lt;android.widget.ImageView index="1" package="com.google.android.youtube" class="android.widget.ImageView" text="" content-desc="Limpar" resource-id="com.google.android.youtube:id/search_clear" checkable="false" checked="false" clickable="true" enabled="true" focusable="true" focused="false" long-clickable="false" password="false" scrollable="false" selected="false" bounds="[827,63][953,189]" displayed="true" /&gt;
                            &lt;/android.widget.LinearLayout&gt;
                            &lt;android.support.v7.widget.LinearLayoutCompat index="2" package="com.google.android.youtube" class="android.support.v7.widget.LinearLayoutCompat" text="" checkable="false" checked="false" clickable="false" enabled="true" focusable="false" focused="false" long-clickable="false" password="false" scrollable="false" selected="false" bounds="[953,63][1080,189]" displayed="true"&gt;
                              &lt;android.widget.ImageButton index="0" package="com.google.android.youtube" class="android.widget.ImageButton" text="" content-desc="Filtro" resource-id="com.google.android.youtube:id/menu_filter_results" checkable="false" checked="false" clickable="true" enabled="true" focusable="true" focused="false" long-clickable="false" password="false" scrollable="false" selected="false" bounds="[953,63][1080,189]" displayed="true" /&gt;
                            &lt;/android.support.v7.widget.LinearLayoutCompat&gt;
                          &lt;/android.view.ViewGroup&gt;
                        &lt;/android.widget.FrameLayout&gt;
                      &lt;/android.widget.LinearLayout&gt;
                      &lt;android.widget.FrameLayout index="2" package="com.google.android.youtube" class="android.widget.FrameLayout" text="" resource-id="com.google.android.youtube:id/pane_fragment_container" checkable="false" checked="false" clickable="false" enabled="true" focusable="false" focused="false" long-clickable="false" password="false" scrollable="false" selected="false" bounds="[0,189][1080,1791]" displayed="true"&gt;
                        &lt;android.widget.FrameLayout index="0" package="com.google.android.youtube" class="android.widget.FrameLayout" text="" resource-id="com.google.android.youtube:id/loading_layout" checkable="false" checked="false" clickable="false" enabled="true" focusable="false" focused="false" long-clickable="false" password="false" scrollable="false" selected="false" bounds="[0,189][1080,1665]" displayed="true"&gt;
                          &lt;android.support.v7.widget.RecyclerView index="0" package="com.google.android.youtube" class="android.support.v7.widget.RecyclerView" text="" resource-id="com.google.android.youtube:id/results" checkable="false" checked="false" clickable="false" enabled="true" focusable="true" focused="false" long-clickable="false" password="false" scrollable="true" selected="false" bounds="[0,189][1080,1665]" displayed="true"&gt;
                            &lt;android.view.ViewGroup index="0" package="com.google.android.youtube" class="android.view.ViewGroup" text="" checkable="false" checked="false" clickable="false" enabled="true" focusable="true" focused="true" long-clickable="false" password="false" scrollable="false" selected="false" bounds="[0,189][1080,1005]" displayed="true"&gt;
                              &lt;android.view.ViewGroup index="0" package="com.google.android.youtube" class="android.view.ViewGroup" text="" content-desc="Prime Experts - Parceria entre Prime Control e UniBrasil - 3 minutos e 38 segundos - Ir ao canal - Prime Control - 100 visualizações - há 1 ano - assistir o vídeo" checkable="false" checked="false" clickable="true" enabled="true" focusable="true" focused="false" long-clickable="false" password="false" scrollable="false" selected="false" bounds="[0,189][1080,1005]" displayed="true"&gt;
                                &lt;android.widget.ImageView index="0" package="com.google.android.youtube" class="android.widget.ImageView" text="" checkable="false" checked="false" clickable="false" enabled="true" focusable="false" focused="false" long-clickable="false" password="false" scrollable="false" selected="false" bounds="[0,189][1080,786]" displayed="true" /&gt;
                                &lt;android.widget.ImageView index="1" package="com.google.android.youtube" class="android.widget.ImageView" text="" content-desc="Ir ao canal" checkable="false" checked="false" clickable="true" enabled="true" focusable="true" focused="false" long-clickable="false" password="false" scrollable="false" selected="false" bounds="[32,807][127,902]" displayed="true" /&gt;
                                &lt;android.widget.ImageView index="2" package="com.google.android.youtube" class="android.widget.ImageView" text="" content-desc="Menu de ações" checkable="false" checked="false" clickable="true" enabled="true" focusable="true" focused="false" long-clickable="false" password="false" scrollable="false" selected="false" bounds="[1012,807][1059,854]" displayed="true" /&gt;
                              &lt;/android.view.ViewGroup&gt;
                            &lt;/android.view.ViewGroup&gt;
                            &lt;android.view.ViewGroup index="1" package="com.google.android.youtube" class="android.view.ViewGroup" text="" checkable="false" checked="false" clickable="false" enabled="true" focusable="true" focused="false" long-clickable="false" password="false" scrollable="false" selected="false" bounds="[0,1005][1080,1665]" displayed="true"&gt;
                              &lt;android.view.ViewGroup index="0" package="com.google.android.youtube" class="android.view.ViewGroup" text="" content-desc="Tradução para PT-BR por Prime - Farm Expert 2016 - 14 minutos e 29 segundos - Ir ao canal - Prime - 7,5 mil visualizações - há 6 anos - assistir o vídeo" checkable="false" checked="false" clickable="true" enabled="true" focusable="true" focused="false" long-clickable="false" password="false" scrollable="false" selected="false" bounds="[0,1005][1080,1665]" displayed="true"&gt;
                                &lt;android.widget.ImageView index="0" package="com.google.android.youtube" class="android.widget.ImageView" text="" checkable="false" checked="false" clickable="false" enabled="true" focusable="false" focused="false" long-clickable="false" password="false" scrollable="false" selected="false" bounds="[0,1005][1080,1602]" displayed="true" /&gt;
                                &lt;android.widget.ImageView index="1" package="com.google.android.youtube" class="android.widget.ImageView" text="" content-desc="Ir ao canal" checkable="false" checked="false" clickable="true" enabled="true" focusable="true" focused="false" long-clickable="false" password="false" scrollable="false" selected="false" bounds="[32,1623][127,1665]" displayed="true" /&gt;
                                &lt;android.widget.ImageView index="2" package="com.google.android.youtube" class="android.widget.ImageView" text="" content-desc="Menu de ações" checkable="false" checked="false" clickable="true" enabled="true" focusable="true" focused="false" long-clickable="false" password="false" scrollable="false" selected="false" bounds="[1012,1623][1059,1665]" displayed="true" /&gt;
                              &lt;/android.view.ViewGroup&gt;
                            &lt;/android.view.ViewGroup&gt;
                          &lt;/android.support.v7.widget.RecyclerView&gt;
                        &lt;/android.widget.FrameLayout&gt;
                      &lt;/android.widget.FrameLayout&gt;
                    &lt;/android.view.ViewGroup&gt;
                  &lt;/android.view.ViewGroup&gt;
                  &lt;android.widget.LinearLayout index="1" package="com.google.android.youtube" class="android.widget.LinearLayout" text="" resource-id="com.google.android.youtube:id/bottom_bar_container" checkable="false" checked="false" clickable="false" enabled="true" focusable="false" focused="false" long-clickable="false" password="false" scrollable="false" selected="false" bounds="[0,1665][1080,1791]" displayed="true"&gt;
                    &lt;android.widget.HorizontalScrollView index="0" package="com.google.android.youtube" class="android.widget.HorizontalScrollView" text="" resource-id="com.google.android.youtube:id/pivot_bar" checkable="false" checked="false" clickable="false" enabled="true" focusable="true" focused="false" long-clickable="false" password="false" scrollable="false" selected="false" bounds="[0,1665][1080,1791]" displayed="true"&gt;
                      &lt;android.widget.LinearLayout index="0" package="com.google.android.youtube" class="android.widget.LinearLayout" text="" checkable="false" checked="false" clickable="false" enabled="true" focusable="false" focused="false" long-clickable="false" password="false" scrollable="false" selected="false" bounds="[0,1665][1080,1791]" displayed="true"&gt;
                        &lt;android.widget.Button index="0" package="com.google.android.youtube" class="android.widget.Button" text="" content-desc="Início" checkable="false" checked="false" clickable="true" enabled="true" focusable="true" focused="false" long-clickable="false" password="false" scrollable="false" selected="true" bounds="[0,1665][216,1791]" displayed="true"&gt;
                          &lt;android.widget.ImageView index="0" package="com.google.android.youtube" class="android.widget.ImageView" text="" resource-id="com.google.android.youtube:id/image" checkable="false" checked="false" clickable="false" enabled="true" focusable="false" focused="false" long-clickable="false" password="false" scrollable="false" selected="true" bounds="[77,1679][140,1742]" displayed="true" /&gt;
                          &lt;android.widget.TextView index="1" package="com.google.android.youtube" class="android.widget.TextView" text="Início" resource-id="com.google.android.youtube:id/text" checkable="false" checked="false" clickable="false" enabled="true" focusable="false" focused="false" long-clickable="false" password="false" scrollable="false" selected="true" bounds="[74,1747][142,1777]" displayed="true" /&gt;
                        &lt;/android.widget.Button&gt;
                        &lt;android.widget.Button index="1" package="com.google.android.youtube" class="android.widget.Button" text="" content-desc="Explorar" checkable="false" checked="false" clickable="true" enabled="true" focusable="true" focused="false" long-clickable="false" password="false" scrollable="false" selected="false" bounds="[216,1665][432,1791]" displayed="true"&gt;
                          &lt;android.widget.ImageView index="0" package="com.google.android.youtube" class="android.widget.ImageView" text="" resource-id="com.google.android.youtube:id/image" checkable="false" checked="false" clickable="false" enabled="true" focusable="false" focused="false" long-clickable="false" password="false" scrollable="false" selected="false" bounds="[293,1679][356,1742]" displayed="true" /&gt;
                          &lt;android.widget.TextView index="1" package="com.google.android.youtube" class="android.widget.TextView" text="Explorar" resource-id="com.google.android.youtube:id/text" checkable="false" checked="false" clickable="false" enabled="true" focusable="false" focused="false" long-clickable="false" password="false" scrollable="false" selected="false" bounds="[273,1747][375,1777]" displayed="true" /&gt;
                        &lt;/android.widget.Button&gt;
                        &lt;android.widget.Button index="2" package="com.google.android.youtube" class="android.widget.Button" text="" content-desc="Inscrições" checkable="false" checked="false" clickable="true" enabled="true" focusable="true" focused="false" long-clickable="false" password="false" scrollable="false" selected="false" bounds="[432,1665][648,1791]" displayed="true"&gt;
                          &lt;android.widget.ImageView index="0" package="com.google.android.youtube" class="android.widget.ImageView" text="" resource-id="com.google.android.youtube:id/image" checkable="false" checked="false" clickable="false" enabled="true" focusable="false" focused="false" long-clickable="false" password="false" scrollable="false" selected="false" bounds="[509,1679][572,1742]" displayed="true" /&gt;
                          &lt;android.widget.TextView index="1" package="com.google.android.youtube" class="android.widget.TextView" text="Inscrições" resource-id="com.google.android.youtube:id/text" checkable="false" checked="false" clickable="false" enabled="true" focusable="false" focused="false" long-clickable="false" password="false" scrollable="false" selected="false" bounds="[478,1747][603,1777]" displayed="true" /&gt;
                        &lt;/android.widget.Button&gt;
                        &lt;android.widget.Button index="3" package="com.google.android.youtube" class="android.widget.Button" text="" content-desc="Notificações" checkable="false" checked="false" clickable="true" enabled="true" focusable="true" focused="false" long-clickable="false" password="false" scrollable="false" selected="false" bounds="[648,1665][864,1791]" displayed="true"&gt;
                          &lt;android.widget.ImageView index="0" package="com.google.android.youtube" class="android.widget.ImageView" text="" resource-id="com.google.android.youtube:id/image" checkable="false" checked="false" clickable="false" enabled="true" focusable="false" focused="false" long-clickable="false" password="false" scrollable="false" selected="false" bounds="[725,1679][788,1742]" displayed="true" /&gt;
                          &lt;android.widget.TextView index="1" package="com.google.android.youtube" class="android.widget.TextView" text="Notificações" resource-id="com.google.android.youtube:id/text" checkable="false" checked="false" clickable="false" enabled="true" focusable="false" focused="false" long-clickable="false" password="false" scrollable="false" selected="false" bounds="[680,1747][833,1777]" displayed="true" /&gt;
                        &lt;/android.widget.Button&gt;
                        &lt;android.widget.Button index="4" package="com.google.android.youtube" class="android.widget.Button" text="" content-desc="Biblioteca" checkable="false" checked="false" clickable="true" enabled="true" focusable="true" focused="false" long-clickable="false" password="false" scrollable="false" selected="false" bounds="[864,1665][1080,1791]" displayed="true"&gt;
                          &lt;android.widget.ImageView index="0" package="com.google.android.youtube" class="android.widget.ImageView" text="" resource-id="com.google.android.youtube:id/image" checkable="false" checked="false" clickable="false" enabled="true" focusable="false" focused="false" long-clickable="false" password="false" scrollable="false" selected="false" bounds="[941,1679][1004,1742]" displayed="true" /&gt;
                          &lt;android.widget.TextView index="1" package="com.google.android.youtube" class="android.widget.TextView" text="Biblioteca" resource-id="com.google.android.youtube:id/text" checkable="false" checked="false" clickable="false" enabled="true" focusable="false" focused="false" long-clickable="false" password="false" scrollable="false" selected="false" bounds="[912,1747][1033,1777]" displayed="true" /&gt;
                        &lt;/android.widget.Button&gt;
                      &lt;/android.widget.LinearLayout&gt;
                    &lt;/android.widget.HorizontalScrollView&gt;
                  &lt;/android.widget.LinearLayout&gt;
                &lt;/android.widget.FrameLayout&gt;
              &lt;/android.view.ViewGroup&gt;
            &lt;/android.widget.FrameLayout&gt;
          &lt;/android.widget.FrameLayout&gt;
        &lt;/android.widget.LinearLayout&gt;
      &lt;/android.widget.FrameLayout&gt;
    &lt;/android.widget.LinearLayout&gt;
  &lt;/android.widget.FrameLayout&gt;
&lt;/hierarchy&gt;</msg>
<kw name="Capture Page Screenshot" library="AppiumLibrary">
<doc>Takes a screenshot of the current page and embeds it into the log.</doc>
<msg timestamp="20211023 16:14:52.001" level="INFO" html="true">&lt;/td&gt;&lt;/tr&gt;&lt;tr&gt;&lt;td colspan="3"&gt;&lt;a href="appium-screenshot-1.png"&gt;&lt;img src="appium-screenshot-1.png" width="800px"&gt;&lt;/a&gt;</msg>
<status status="PASS" starttime="20211023 16:14:50.901" endtime="20211023 16:14:52.002"/>
</kw>
<msg timestamp="20211023 16:14:52.003" level="FAIL">Element locator 'accessibility_id=Prime Experts - Parceria entre Prime Control e UniBrasil - 3 minutos e 38 segundos - Ir ao canal - Prime Control - 58 visualizações - há 1 ano - assistir o vídeo' did not match any elements after 20 seconds</msg>
<status status="FAIL" starttime="20211023 16:14:30.471" endtime="20211023 16:14:52.003"/>
</kw>
<kw name="Click Element" library="AppiumLibrary">
<arg>accessibility_id=Prime Experts - Parceria entre Prime Control e UniBrasil - 3 minutos e 38 segundos - Ir ao canal - Prime Control - 58 visualizações - há 1 ano - assistir o vídeo</arg>
<doc>Click element identified by `locator`.</doc>
<status status="NOT RUN" starttime="20211023 16:14:52.004" endtime="20211023 16:14:52.004"/>
</kw>
<status status="FAIL" starttime="20211023 16:14:30.470" endtime="20211023 16:14:52.004"/>
</kw>
<kw name="Quando clicar em Inscrever-se​" library="kws_mobileautomation">
<status status="NOT RUN" starttime="20211023 16:14:52.005" endtime="20211023 16:14:52.005"/>
</kw>
<kw name="Então será apresentado como Inscrito​" library="kws_mobileautomation">
<status status="NOT RUN" starttime="20211023 16:14:52.005" endtime="20211023 16:14:52.005"/>
</kw>
<kw name="Fechar aplicativo" library="hooks_mobile" type="TEARDOWN">
<kw name="Close Application" library="AppiumLibrary">
<doc>Closes the current application and also close webdriver session.</doc>
<status status="PASS" starttime="20211023 16:14:52.006" endtime="20211023 16:14:52.520"/>
</kw>
<status status="PASS" starttime="20211023 16:14:52.006" endtime="20211023 16:14:52.520"/>
</kw>
<tag>PRIME</tag>
<status status="FAIL" starttime="20211023 16:14:12.147" endtime="20211023 16:14:52.521">Element locator 'accessibility_id=Prime Experts - Parceria entre Prime Control e UniBrasil - 3 minutos e 38 segundos - Ir ao canal - Prime Control - 58 visualizações - há 1 ano - assistir o vídeo' did not match any elements after 20 seconds</status>
</test>
<doc>Testes Mobile</doc>
<status status="FAIL" starttime="20211023 16:14:11.918" endtime="20211023 16:14:52.523"/>
</suite>
<status status="FAIL" starttime="20211023 16:14:11.890" endtime="20211023 16:14:52.525"/>
</suite>
<statistics>
<total>
<stat pass="0" fail="1" skip="0">All Tests</stat>
</total>
<tag>
<stat pass="0" fail="1" skip="0">PRIME</stat>
</tag>
<suite>
<stat pass="0" fail="1" skip="0" id="s1" name="MOBILE">MOBILE</stat>
<stat pass="0" fail="1" skip="0" id="s1-s1" name="Mobileautomation">MOBILE.Mobileautomation</stat>
</suite>
</statistics>
<errors>
</errors>
</robot>
