<?xml version="1.0" encoding="UTF-8"?>
<robot generator="Robot 4.1.2 (Python 3.10.0 on win32)" generated="20211023 17:01:20.827" rpa="false" schemaversion="2">
<suite id="s1" name="MOBILE" source="C:\Users\xcorv\OneDrive\Área de Trabalho\primeAnderson\MOBILE">
<suite id="s1-s1" name="Mobileautomation" source="C:\Users\xcorv\OneDrive\Área de Trabalho\primeAnderson\MOBILE\mobileautomation.robot">
<test id="s1-s1-t1" name="Caso de Teste 01: Pesquisar canal “Prime Experts”​">
<kw name="Abrir aplicativo" library="hooks_mobile" type="SETUP">
<kw name="Set Appium Timeout" library="AppiumLibrary">
<arg>20</arg>
<doc>Sets the timeout in seconds used by various keywords.</doc>
<status status="PASS" starttime="20211023 17:01:21.232" endtime="20211023 17:01:21.233"/>
</kw>
<kw name="Open Application" library="AppiumLibrary">
<arg>http://localhost:4723/wd/hub</arg>
<arg>platformName=Android</arg>
<arg>deviceName=emulator-5554</arg>
<arg>automationName=uiautomator2</arg>
<arg>appPackage=com.google.android.youtube</arg>
<arg>appActivity=com.google.android.youtube.HomeActivity</arg>
<arg>autoGrantPermissions=true</arg>
<doc>Opens a new application to given Appium server.
Capabilities of appium server, Android and iOS,
Please check https://github.com/appium/appium/blob/master/docs/en/writing-running-appium/server-args.md
| *Option*            | *Man.* | *Description*     |
| remote_url          | Yes    | Appium server url |
| alias               | no     | alias             |</doc>
<status status="PASS" starttime="20211023 17:01:21.233" endtime="20211023 17:01:33.899"/>
</kw>
<status status="PASS" starttime="20211023 17:01:21.232" endtime="20211023 17:01:33.899"/>
</kw>
<kw name="Dado que o cliente esteja na tela de Home​" library="kws_mobileautomation">
<kw name="Wait Until Element Is Visible" library="AppiumLibrary">
<arg>xpath=//*[contains(@text, 'Início')]</arg>
<doc>Waits until element specified with `locator` is visible.</doc>
<status status="PASS" starttime="20211023 17:01:33.900" endtime="20211023 17:01:38.375"/>
</kw>
<kw name="Wait Until Element Is Visible" library="AppiumLibrary">
<arg>accessibility_id=YouTube</arg>
<doc>Waits until element specified with `locator` is visible.</doc>
<status status="PASS" starttime="20211023 17:01:38.376" endtime="20211023 17:01:38.455"/>
</kw>
<status status="PASS" starttime="20211023 17:01:33.900" endtime="20211023 17:01:38.455"/>
</kw>
<kw name="E pesquise um vídeo sobre &quot;Prime Experts&quot;​" library="kws_mobileautomation" sourcename="E pesquise um vídeo sobre &quot;${PESQUISA}&quot;​">
<kw name="Click Element" library="AppiumLibrary">
<arg>accessibility_id=Pesquisar</arg>
<doc>Click element identified by `locator`.</doc>
<msg timestamp="20211023 17:01:38.459" level="INFO">Clicking element 'accessibility_id=Pesquisar'.</msg>
<status status="PASS" starttime="20211023 17:01:38.457" endtime="20211023 17:01:38.572"/>
</kw>
<kw name="Input Text" library="AppiumLibrary">
<arg>id=search_edit_text</arg>
<arg>${PESQUISA}</arg>
<doc>Types the given `text` into text field identified by `locator`.</doc>
<msg timestamp="20211023 17:01:38.574" level="INFO">Typing text 'Prime Experts' into text field 'id=search_edit_text'</msg>
<status status="PASS" starttime="20211023 17:01:38.572" endtime="20211023 17:01:40.768"/>
</kw>
<kw name="Press Keycode" library="AppiumLibrary">
<arg>66</arg>
<doc>Sends a press of keycode to the device.</doc>
<status status="PASS" starttime="20211023 17:01:40.768" endtime="20211023 17:01:41.786"/>
</kw>
<status status="PASS" starttime="20211023 17:01:38.456" endtime="20211023 17:01:41.787"/>
</kw>
<kw name="E acessar o canal da Prime​" library="kws_mobileautomation">
<kw name="Wait Until Element Is Visible" library="AppiumLibrary">
<arg>xpath=//android.view.ViewGroup[contains(@content-desc,"Prime Experts - Parceria entre Prime Control e UniBrasil ")]</arg>
<doc>Waits until element specified with `locator` is visible.</doc>
<status status="PASS" starttime="20211023 17:01:41.788" endtime="20211023 17:01:43.188"/>
</kw>
<kw name="Click Element" library="AppiumLibrary">
<arg>xpath=//android.view.ViewGroup[contains(@content-desc,"Prime Experts - Parceria entre Prime Control e UniBrasil ")]</arg>
<doc>Click element identified by `locator`.</doc>
<msg timestamp="20211023 17:01:43.190" level="INFO">Clicking element 'xpath=//android.view.ViewGroup[contains(@content-desc,"Prime Experts - Parceria entre Prime Control e UniBrasil ")]'.</msg>
<status status="PASS" starttime="20211023 17:01:43.188" endtime="20211023 17:01:44.933"/>
</kw>
<for flavor="IN RANGE">
<var>${counter}</var>
<value>0</value>
<value>2</value>
<iter>
<var name="${counter}">0</var>
<kw name="Run Keyword And Return Status" library="BuiltIn">
<var>${status}</var>
<arg>Wait Until Element Is Visible</arg>
<arg>accessibility_id=Fechar</arg>
<arg>5</arg>
<doc>Runs the given keyword with given arguments and returns the status as a Boolean value.</doc>
<kw name="Wait Until Element Is Visible" library="AppiumLibrary">
<arg>accessibility_id=Fechar</arg>
<arg>5</arg>
<doc>Waits until element specified with `locator` is visible.</doc>
<kw name="Capture Page Screenshot" library="AppiumLibrary">
<doc>Takes a screenshot of the current page and embeds it into the log.</doc>
<msg timestamp="20211023 17:01:52.073" level="INFO" html="true">&lt;/td&gt;&lt;/tr&gt;&lt;tr&gt;&lt;td colspan="3"&gt;&lt;a href="appium-screenshot-1.png"&gt;&lt;img src="appium-screenshot-1.png" width="800px"&gt;&lt;/a&gt;</msg>
<status status="PASS" starttime="20211023 17:01:51.303" endtime="20211023 17:01:52.073"/>
</kw>
<msg timestamp="20211023 17:01:52.075" level="FAIL">Element locator 'accessibility_id=Fechar' did not match any elements after 5 seconds</msg>
<status status="FAIL" starttime="20211023 17:01:44.934" endtime="20211023 17:01:52.076"/>
</kw>
<msg timestamp="20211023 17:01:52.076" level="INFO">${status} = False</msg>
<status status="PASS" starttime="20211023 17:01:44.934" endtime="20211023 17:01:52.076"/>
</kw>
<if>
<branch type="IF" condition="${status}">
<kw name="Click Element" library="AppiumLibrary">
<arg>accessibility_id=Fechar</arg>
<doc>Click element identified by `locator`.</doc>
<status status="NOT RUN" starttime="20211023 17:01:52.076" endtime="20211023 17:01:52.077"/>
</kw>
<status status="NOT RUN" starttime="20211023 17:01:52.076" endtime="20211023 17:01:52.077"/>
</branch>
<status status="PASS" starttime="20211023 17:01:52.076" endtime="20211023 17:01:52.077"/>
</if>
<status status="PASS" starttime="20211023 17:01:44.934" endtime="20211023 17:01:52.077"/>
</iter>
<iter>
<var name="${counter}">1</var>
<kw name="Run Keyword And Return Status" library="BuiltIn">
<var>${status}</var>
<arg>Wait Until Element Is Visible</arg>
<arg>accessibility_id=Fechar</arg>
<arg>5</arg>
<doc>Runs the given keyword with given arguments and returns the status as a Boolean value.</doc>
<kw name="Wait Until Element Is Visible" library="AppiumLibrary">
<arg>accessibility_id=Fechar</arg>
<arg>5</arg>
<doc>Waits until element specified with `locator` is visible.</doc>
<kw name="Capture Page Screenshot" library="AppiumLibrary">
<doc>Takes a screenshot of the current page and embeds it into the log.</doc>
<msg timestamp="20211023 17:02:00.361" level="INFO" html="true">&lt;/td&gt;&lt;/tr&gt;&lt;tr&gt;&lt;td colspan="3"&gt;&lt;a href="appium-screenshot-2.png"&gt;&lt;img src="appium-screenshot-2.png" width="800px"&gt;&lt;/a&gt;</msg>
<status status="PASS" starttime="20211023 17:01:57.264" endtime="20211023 17:02:00.361"/>
</kw>
<msg timestamp="20211023 17:02:00.363" level="FAIL">Element locator 'accessibility_id=Fechar' did not match any elements after 5 seconds</msg>
<status status="FAIL" starttime="20211023 17:01:52.078" endtime="20211023 17:02:00.363"/>
</kw>
<msg timestamp="20211023 17:02:00.363" level="INFO">${status} = False</msg>
<status status="PASS" starttime="20211023 17:01:52.077" endtime="20211023 17:02:00.363"/>
</kw>
<if>
<branch type="IF" condition="${status}">
<kw name="Click Element" library="AppiumLibrary">
<arg>accessibility_id=Fechar</arg>
<doc>Click element identified by `locator`.</doc>
<status status="NOT RUN" starttime="20211023 17:02:00.364" endtime="20211023 17:02:00.364"/>
</kw>
<status status="NOT RUN" starttime="20211023 17:02:00.364" endtime="20211023 17:02:00.364"/>
</branch>
<status status="PASS" starttime="20211023 17:02:00.363" endtime="20211023 17:02:00.364"/>
</if>
<status status="PASS" starttime="20211023 17:01:52.077" endtime="20211023 17:02:00.364"/>
</iter>
<status status="PASS" starttime="20211023 17:01:44.933" endtime="20211023 17:02:00.364"/>
</for>
<status status="PASS" starttime="20211023 17:01:41.788" endtime="20211023 17:02:00.365"/>
</kw>
<kw name="Quando clicar em Inscrever-se​" library="kws_mobileautomation">
<kw name="Click Element" library="AppiumLibrary">
<arg>accessibility_id=Inscreva-se em Prime Control.</arg>
<doc>Click element identified by `locator`.</doc>
<msg timestamp="20211023 17:02:00.368" level="INFO">Clicking element 'accessibility_id=Inscreva-se em Prime Control.'.</msg>
<status status="PASS" starttime="20211023 17:02:00.366" endtime="20211023 17:02:00.595"/>
</kw>
<kw name="Click Element" library="AppiumLibrary">
<arg>accessibility_id=Inscreva-se em Prime Control.</arg>
<doc>Click element identified by `locator`.</doc>
<msg timestamp="20211023 17:02:00.599" level="INFO">Clicking element 'accessibility_id=Inscreva-se em Prime Control.'.</msg>
<kw name="Capture Page Screenshot" library="AppiumLibrary">
<doc>Takes a screenshot of the current page and embeds it into the log.</doc>
<msg timestamp="20211023 17:02:01.635" level="INFO" html="true">&lt;/td&gt;&lt;/tr&gt;&lt;tr&gt;&lt;td colspan="3"&gt;&lt;a href="appium-screenshot-3.png"&gt;&lt;img src="appium-screenshot-3.png" width="800px"&gt;&lt;/a&gt;</msg>
<status status="PASS" starttime="20211023 17:02:00.694" endtime="20211023 17:02:01.635"/>
</kw>
<msg timestamp="20211023 17:02:03.724" level="FAIL">ValueError: Element locator 'accessibility_id=Inscreva-se em Prime Control.' did not match any elements.</msg>
<status status="FAIL" starttime="20211023 17:02:00.596" endtime="20211023 17:02:03.724"/>
</kw>
<status status="FAIL" starttime="20211023 17:02:00.365" endtime="20211023 17:02:03.726"/>
</kw>
<kw name="Então será apresentado como Inscrito​" library="kws_mobileautomation">
<status status="NOT RUN" starttime="20211023 17:02:03.728" endtime="20211023 17:02:03.728"/>
</kw>
<kw name="Fechar aplicativo" library="hooks_mobile" type="TEARDOWN">
<kw name="Close Application" library="AppiumLibrary">
<doc>Closes the current application and also close webdriver session.</doc>
<status status="PASS" starttime="20211023 17:02:03.731" endtime="20211023 17:02:04.391"/>
</kw>
<status status="PASS" starttime="20211023 17:02:03.731" endtime="20211023 17:02:04.391"/>
</kw>
<tag>PRIME</tag>
<status status="FAIL" starttime="20211023 17:01:21.230" endtime="20211023 17:02:04.392">ValueError: Element locator 'accessibility_id=Inscreva-se em Prime Control.' did not match any elements.</status>
</test>
<doc>Testes Mobile</doc>
<status status="FAIL" starttime="20211023 17:01:20.868" endtime="20211023 17:02:04.393"/>
</suite>
<status status="FAIL" starttime="20211023 17:01:20.830" endtime="20211023 17:02:04.397"/>
</suite>
<statistics>
<total>
<stat pass="0" fail="1" skip="0">All Tests</stat>
</total>
<tag>
<stat pass="0" fail="1" skip="0">PRIME</stat>
</tag>
<suite>
<stat pass="0" fail="1" skip="0" id="s1" name="MOBILE">MOBILE</stat>
<stat pass="0" fail="1" skip="0" id="s1-s1" name="Mobileautomation">MOBILE.Mobileautomation</stat>
</suite>
</statistics>
<errors>
</errors>
</robot>
