<?xml version="1.0" encoding="UTF-8"?>
<robot generator="Robot 4.1.2 (Python 3.10.0 on win32)" generated="20211022 18:41:02.580" rpa="false" schemaversion="2">
<suite id="s1" name="Mobileautomation" source="C:\Users\xcorv\OneDrive\Documents\Aula de QA\Prime Hero\Tests\mobileautomation.robot">
<test id="s1-t1" name="Caso de Teste 01: Pesquisar canal “Prime Experts”">
<kw name="Abrir aplicativo" type="SETUP">
<kw name="Set Appium Timeout" library="AppiumLibrary">
<arg>20</arg>
<doc>Sets the timeout in seconds used by various keywords.</doc>
<status status="PASS" starttime="20211022 18:41:03.377" endtime="20211022 18:41:03.378"/>
</kw>
<kw name="Open Application" library="AppiumLibrary">
<arg>http://localhost:4723/wd/hub</arg>
<arg>platformName=Android</arg>
<arg>deviceName=emulator-5554</arg>
<arg>appPackage=com.google.android.youtube</arg>
<arg>appActivity=com.google.android.youtube.HomeActivity</arg>
<arg>autoGrantPermissions=true</arg>
<doc>Opens a new application to given Appium server.
Capabilities of appium server, Android and iOS,
Please check https://github.com/appium/appium/blob/master/docs/en/writing-running-appium/server-args.md
| *Option*            | *Man.* | *Description*     |
| remote_url          | Yes    | Appium server url |
| alias               | no     | alias             |</doc>
<status status="PASS" starttime="20211022 18:41:03.378" endtime="20211022 18:41:24.360"/>
</kw>
<status status="PASS" starttime="20211022 18:41:03.377" endtime="20211022 18:41:24.360"/>
</kw>
<kw name="Dado que o cliente esteja na tela de Home">
<kw name="Wait Until Element Is Visible" library="AppiumLibrary">
<arg>xpath=//*[contains(@text, 'Início')]</arg>
<doc>Waits until element specified with `locator` is visible.</doc>
<kw name="Capture Page Screenshot" library="AppiumLibrary">
<doc>Takes a screenshot of the current page and embeds it into the log.</doc>
<msg timestamp="20211022 18:41:30.915" level="INFO" html="true">&lt;/td&gt;&lt;/tr&gt;&lt;tr&gt;&lt;td colspan="3"&gt;&lt;a href="appium-screenshot-1.png"&gt;&lt;img src="appium-screenshot-1.png" width="800px"&gt;&lt;/a&gt;</msg>
<status status="PASS" starttime="20211022 18:41:29.334" endtime="20211022 18:41:30.916"/>
</kw>
<msg timestamp="20211022 18:41:30.954" level="FAIL">StaleElementReferenceException: Message: androidx.test.uiautomator.StaleObjectException
</msg>
<status status="FAIL" starttime="20211022 18:41:24.362" endtime="20211022 18:41:30.954"/>
</kw>
<kw name="Wait Until Element Is Visible" library="AppiumLibrary">
<arg>accessibility_id=YouTube</arg>
<doc>Waits until element specified with `locator` is visible.</doc>
<status status="NOT RUN" starttime="20211022 18:41:30.954" endtime="20211022 18:41:30.955"/>
</kw>
<status status="FAIL" starttime="20211022 18:41:24.361" endtime="20211022 18:41:30.955"/>
</kw>
<kw name="E pesquise um vídeo sobre &quot;Prime Experts&quot;" sourcename="E pesquise um vídeo sobre &quot;${PESQUISA}&quot;">
<status status="NOT RUN" starttime="20211022 18:41:30.956" endtime="20211022 18:41:30.956"/>
</kw>
<kw name="E acessar o canal da Prime">
<status status="NOT RUN" starttime="20211022 18:41:30.957" endtime="20211022 18:41:30.957"/>
</kw>
<kw name="Quando clicar em Inscrever-se">
<status status="NOT RUN" starttime="20211022 18:41:30.957" endtime="20211022 18:41:30.957"/>
</kw>
<kw name="Então será apresentado como Inscrito">
<status status="NOT RUN" starttime="20211022 18:41:30.957" endtime="20211022 18:41:30.957"/>
</kw>
<kw name="Fechar aplicativo" type="TEARDOWN">
<kw name="Capture Page Screenshot" library="AppiumLibrary">
<doc>Takes a screenshot of the current page and embeds it into the log.</doc>
<msg timestamp="20211022 18:41:32.443" level="INFO" html="true">&lt;/td&gt;&lt;/tr&gt;&lt;tr&gt;&lt;td colspan="3"&gt;&lt;a href="appium-screenshot-2.png"&gt;&lt;img src="appium-screenshot-2.png" width="800px"&gt;&lt;/a&gt;</msg>
<status status="PASS" starttime="20211022 18:41:30.959" endtime="20211022 18:41:32.443"/>
</kw>
<kw name="Close Application" library="AppiumLibrary">
<doc>Closes the current application and also close webdriver session.</doc>
<status status="PASS" starttime="20211022 18:41:32.443" endtime="20211022 18:41:33.462"/>
</kw>
<status status="PASS" starttime="20211022 18:41:30.958" endtime="20211022 18:41:33.462"/>
</kw>
<tag>PRIME</tag>
<status status="FAIL" starttime="20211022 18:41:03.376" endtime="20211022 18:41:33.462">StaleElementReferenceException: Message: androidx.test.uiautomator.StaleObjectException
</status>
</test>
<doc>Testes Mobile</doc>
<status status="FAIL" starttime="20211022 18:41:02.584" endtime="20211022 18:41:33.464"/>
</suite>
<statistics>
<total>
<stat pass="0" fail="1" skip="0">All Tests</stat>
</total>
<tag>
<stat pass="0" fail="1" skip="0">PRIME</stat>
</tag>
<suite>
<stat pass="0" fail="1" skip="0" id="s1" name="Mobileautomation">Mobileautomation</stat>
</suite>
</statistics>
<errors>
</errors>
</robot>
